<?xml version="1.0" encoding="UTF-8"?>
<!-- Generated by org.testng.reporters.JUnitReportReporter -->
<testsuite hostname="DESKTOP-MLN4K4A" failures="0" tests="1" name="Testrunners.TestRunner" time="5.387" errors="0" timestamp="2025-01-07T20:00:30 IST" skipped="0">
  <testcase classname="Testrunners.TestRunner" name="runScenario" time="5.387"/>
</testsuite> <!-- Testrunners.TestRunner -->
