<?xml version="1.0" encoding="UTF-8"?>
<!-- Generated by org.testng.reporters.JUnitReportReporter -->
<testsuite hostname="DESKTOP-MLN4K4A" failures="0" tests="1" name="Testrunners.TestRunner" time="3.762" errors="0" timestamp="2025-01-08T00:11:41 IST" skipped="0">
  <testcase classname="Testrunners.TestRunner" name="runScenario" time="3.762"/>
</testsuite> <!-- Testrunners.TestRunner -->
